2024-02-28T08:33:33+00:00 DEBUG POST: https://ads.tiktok.com/marketing_api/api/developer/app/create_auto_approve/

{"business_platform":"PROD","smb_id":"tt4b_woocommerce_65deefdde3328httpcpufbrknhsteduwp-admin","smb_name":"PROD","redirect_url":"http:\/\/cpufbrkn.hst.edu\/wp-admin\/"}
 ajax: no
2024-02-28T08:33:34+00:00 DEBUG Tt4b_Mapi_Class::create_open_source_app: Response: 

HTTP/1.1 502 Bad Gateway
Content-Type: text/plain; charset=utf-8
Content-Length: 119
X-Tt-Logid: 20240228083333C16EE1110ABE26178356
Strict-Transport-Security: max-age=31536000; includeSubDomains
x-tt-trace-host: 01db10deb82caf226f3f579a044edc6154dddd63ef884282c894d8d325f939cc1a140f5fbfe1f3145aa9292677555a435178b703e2ec11c65f0031946f700f5e22005330a9e948d2a5fb86ef54a7b69e76272b97628f08deaf941b887c27295346
x-tt-trace-id: 00-240228083333C16EE1110ABE26178356-5ED8938C7FBC8221-00
Server: TLB
X-Origin-Response-Time: 10,23.44.4.76
X-Akamai-Request-ID: 46dea9a.5dd63db
Date: Wed, 28 Feb 2024 08:33:34 GMT
X-Cache: TCP_MISS from a62-115-252-28.deploy.akamaitechnologies.com (AkamaiGHost/11.4.2.2-54697487) (-)
Connection: close
X-Cache-Remote: TCP_MISS from a23-44-4-76.deploy.akamaitechnologies.com (AkamaiGHost/11.4.2.2-54697487) (-)
x-tt-trace-tag: id=16;cdn-cache=miss;type=dyn
Server-Timing: cdn-cache; desc=MISS, edge; dur=194, origin; dur=10
Server-Timing: inner; dur=6
X-Parent-Response-Time: 199,62.115.252.28

Bad Gateway | KRAKEND.BACKEND/3 - request failed/320202:connection is closed by peer while being in the connection pool
2024-02-28T08:33:34+00:00 DEBUG Tt4b_Mapi_Class::create_open_source_app: Response: 

HTTP/1.1 200 OK
Content-Type: application/json
X-Tt-Logid: 202402280833333CC9B5C09F7BD2158055,202402280833333CC9B5C09F7BD2158055
Strict-Transport-Security: max-age=31536000; includeSubDomains
x-tt-trace-host: 01db10deb82caf226f3f579a044edc6154dddd63ef884282c894d8d325f939cc1a57df693a581a8b4f916600d267b70de65698ab63e31db20f5bf2d217d695ff0801e7bc7e61cf7ef0a188d9eb6e3094ec2df48c0a2ba8d5450c24b8cfc2851c3f
x-tt-trace-id: 00-2402280833333CC9B5C09F7BD2158055-3F1BA4FA160D0E71-00
Server: TLB
Content-Encoding: gzip
Content-Length: 206
X-Origin-Response-Time: 59,23.44.4.79
X-Akamai-Request-ID: 92aba7.5dd6623
Date: Wed, 28 Feb 2024 08:33:34 GMT
X-Cache: TCP_MISS from a62-115-252-28.deploy.akamaitechnologies.com (AkamaiGHost/11.4.2.2-54697487) (-)
Connection: close
Vary: Accept-Encoding
X-Cache-Remote: TCP_MISS from a23-44-4-79.deploy.akamaitechnologies.com (AkamaiGHost/11.4.2.2-54697487) (-)
x-tt-trace-tag: id=16;cdn-cache=miss;type=dyn
Server-Timing: cdn-cache; desc=MISS, edge; dur=208, origin; dur=59
Server-Timing: inner; dur=55
X-Parent-Response-Time: 261,62.115.252.28

{"code":0,"msg":"ok","data":{"app_secret":"fe512e376b638f3984d8dec83b5adf90ed8c5b8d","redirect_uri":"http:\/\/cpufbrkn.hst.edu\/wp-admin\/","external_data_key":"59fdec1c-12f2-423e-90b4-6ab5bb6f3980","app_id":"7340568182383460354"}}
2024-02-28T08:34:48+00:00 DEBUG Tt4b_Pixel_Class::inject_initiate_checkout_event: hit InitiateCheckout
2024-02-28T08:34:48+00:00 DEBUG Tt4b_Pixel_Class::inject_initiate_checkout_event: Missing option "access_token"
2024-02-28T08:43:49+00:00 DEBUG Tt4b_Pixel_Class::inject_initiate_checkout_event: hit InitiateCheckout
2024-02-28T08:43:49+00:00 DEBUG Tt4b_Pixel_Class::inject_initiate_checkout_event: Missing option "access_token"
2024-02-28T08:44:16+00:00 DEBUG Tt4b_Pixel_Class::inject_view_content_event: hit ViewContent
2024-02-28T08:44:16+00:00 DEBUG Tt4b_Pixel_Class::inject_view_content_event: Missing option "access_token"
2024-02-28T08:46:10+00:00 DEBUG Tt4b_Pixel_Class::inject_view_content_event: hit ViewContent
2024-02-28T08:46:10+00:00 DEBUG Tt4b_Pixel_Class::inject_view_content_event: Missing option "access_token"
2024-02-28T08:46:18+00:00 DEBUG Tt4b_Pixel_Class::inject_add_to_cart_event: hit AddToCart
2024-02-28T08:46:18+00:00 DEBUG Tt4b_Pixel_Class::inject_add_to_cart_event: Missing option "access_token"
2024-02-28T08:46:18+00:00 DEBUG Tt4b_Pixel_Class::inject_view_content_event: hit ViewContent
2024-02-28T08:46:18+00:00 DEBUG Tt4b_Pixel_Class::inject_view_content_event: Missing option "access_token"
2024-02-28T08:46:43+00:00 DEBUG Tt4b_Pixel_Class::inject_add_to_cart_event: hit AddToCart
2024-02-28T08:46:43+00:00 DEBUG Tt4b_Pixel_Class::inject_add_to_cart_event: Missing option "access_token"
2024-02-28T08:46:48+00:00 DEBUG Tt4b_Pixel_Class::inject_view_content_event: hit ViewContent
2024-02-28T08:46:48+00:00 DEBUG Tt4b_Pixel_Class::inject_view_content_event: Missing option "access_token"
2024-02-28T08:46:49+00:00 DEBUG Tt4b_Pixel_Class::inject_view_content_event: hit ViewContent
2024-02-28T08:46:49+00:00 DEBUG Tt4b_Pixel_Class::inject_view_content_event: Missing option "access_token"
2024-02-28T08:47:01+00:00 DEBUG Tt4b_Pixel_Class::inject_view_content_event: hit ViewContent
2024-02-28T08:47:01+00:00 DEBUG Tt4b_Pixel_Class::inject_view_content_event: Missing option "access_token"
2024-02-28T08:47:04+00:00 DEBUG Tt4b_Pixel_Class::inject_add_to_cart_event: hit AddToCart
2024-02-28T08:47:04+00:00 DEBUG Tt4b_Pixel_Class::inject_add_to_cart_event: Missing option "access_token"
2024-02-28T08:47:04+00:00 DEBUG Tt4b_Pixel_Class::inject_view_content_event: hit ViewContent
2024-02-28T08:47:04+00:00 DEBUG Tt4b_Pixel_Class::inject_view_content_event: Missing option "access_token"
2024-02-28T08:47:30+00:00 DEBUG Tt4b_Pixel_Class::inject_initiate_checkout_event: hit InitiateCheckout
2024-02-28T08:47:30+00:00 DEBUG Tt4b_Pixel_Class::inject_initiate_checkout_event: Missing option "access_token"
2024-02-28T09:09:54+00:00 DEBUG Tt4b_Pixel_Class::inject_add_to_cart_event: hit AddToCart
2024-02-28T09:09:54+00:00 DEBUG Tt4b_Pixel_Class::inject_add_to_cart_event: Missing option "access_token"
2024-02-28T09:09:59+00:00 DEBUG Tt4b_Pixel_Class::inject_view_content_event: hit ViewContent
2024-02-28T09:09:59+00:00 DEBUG Tt4b_Pixel_Class::inject_view_content_event: Missing option "access_token"
2024-02-28T09:12:49+00:00 DEBUG Tt4b_Pixel_Class::inject_add_to_cart_event: hit AddToCart
2024-02-28T09:12:49+00:00 DEBUG Tt4b_Pixel_Class::inject_add_to_cart_event: Missing option "access_token"
2024-02-28T09:13:32+00:00 DEBUG Tt4b_Pixel_Class::inject_initiate_checkout_event: hit InitiateCheckout
2024-02-28T09:13:32+00:00 DEBUG Tt4b_Pixel_Class::inject_initiate_checkout_event: Missing option "access_token"
2024-02-28T09:15:05+00:00 DEBUG Tt4b_Pixel_Class::inject_initiate_checkout_event: hit InitiateCheckout
2024-02-28T09:15:05+00:00 DEBUG Tt4b_Pixel_Class::inject_initiate_checkout_event: Missing option "access_token"
2024-02-28T09:18:13+00:00 DEBUG Tt4b_Pixel_Class::inject_initiate_checkout_event: hit InitiateCheckout
2024-02-28T09:18:13+00:00 DEBUG Tt4b_Pixel_Class::inject_initiate_checkout_event: Missing option "access_token"
2024-02-28T09:18:36+00:00 DEBUG Tt4b_Pixel_Class::inject_initiate_checkout_event: hit InitiateCheckout
2024-02-28T09:18:36+00:00 DEBUG Tt4b_Pixel_Class::inject_initiate_checkout_event: Missing option "access_token"
2024-02-28T09:29:33+00:00 DEBUG Tt4b_Pixel_Class::inject_initiate_checkout_event: hit InitiateCheckout
2024-02-28T09:29:33+00:00 DEBUG Tt4b_Pixel_Class::inject_initiate_checkout_event: Missing option "access_token"
2024-02-28T10:43:13+00:00 DEBUG Tt4b_Pixel_Class::inject_initiate_checkout_event: hit InitiateCheckout
2024-02-28T10:43:13+00:00 DEBUG Tt4b_Pixel_Class::inject_initiate_checkout_event: Missing option "access_token"
2024-02-28T10:44:50+00:00 DEBUG Tt4b_Pixel_Class::inject_initiate_checkout_event: hit InitiateCheckout
2024-02-28T10:44:50+00:00 DEBUG Tt4b_Pixel_Class::inject_initiate_checkout_event: Missing option "access_token"
